<?xml version="1.0" encoding="UTF-8"?>
<!-- Generated by org.testng.reporters.JUnitReportReporter -->
<testsuite hostname="DESKTOP-HH8RNJR" failures="0" tests="1" name="Tests.CreateNewClientTest" time="14.607" errors="0" timestamp="2025-01-14T21:02:30 EET" skipped="0">
  <testcase classname="Tests.CreateNewClientTest" name="createNewClient" time="14.607"/>
</testsuite> <!-- Tests.CreateNewClientTest -->
