<?xml version="1.0" encoding="UTF-8"?>
<!-- Generated by org.testng.reporters.JUnitReportReporter -->
<testsuite hostname="DESKTOP-HH8RNJR" failures="0" tests="1" name="Tests.CreateNewInvoiceTest" time="28.846" errors="0" timestamp="2024-11-16T19:35:25 EET" skipped="0">
  <testcase classname="Tests.CreateNewInvoiceTest" name="createNewSalesInvoice" time="28.846"/>
</testsuite> <!-- Tests.CreateNewInvoiceTest -->
