<?xml version="1.0" encoding="UTF-8"?>
<!-- Generated by org.testng.reporters.JUnitReportReporter -->
<testsuite hostname="DESKTOP-HH8RNJR" failures="0" tests="1" name="Tests.CreateNewReturnInvoiceTest" time="265.761" errors="0" timestamp="2024-09-04T12:55:31 EEST" skipped="0">
  <testcase classname="Tests.CreateNewReturnInvoiceTest" name="createNewPurchaseCashbackInvoice" time="265.761"/>
</testsuite> <!-- Tests.CreateNewReturnInvoiceTest -->
