<?xml version="1.0" encoding="UTF-8"?>
<!-- Generated by org.testng.reporters.JUnitReportReporter -->
<testsuite hostname="DESKTOP-HH8RNJR" failures="0" tests="2" name="Tests.ImportInvoicesTest" time="14.650" errors="0" timestamp="2024-11-11T14:51:40 EET" skipped="0">
  <testcase classname="Tests.ImportInvoicesTest" name="ImportSalesInvoices" time="6.898"/>
  <testcase classname="Tests.ImportInvoicesTest" name="ImportPurchaseInvoices" time="7.752"/>
</testsuite> <!-- Tests.ImportInvoicesTest -->
