<?xml version="1.0" encoding="UTF-8"?>
<!-- Generated by org.testng.reporters.JUnitReportReporter -->
<testsuite hostname="DESKTOP-HH8RNJR" failures="0" tests="2" name="Tests.ImportInvoicesTest" time="9.107" errors="0" timestamp="2025-01-14T21:02:30 EET" skipped="0">
  <testcase classname="Tests.ImportInvoicesTest" name="ImportSalesInvoices" time="4.810"/>
  <testcase classname="Tests.ImportInvoicesTest" name="ImportPurchaseInvoices" time="4.297"/>
</testsuite> <!-- Tests.ImportInvoicesTest -->
