<?xml version="1.0" encoding="UTF-8"?>
<!-- Generated by org.testng.reporters.JUnitReportReporter -->
<testsuite hostname="DESKTOP-HH8RNJR" failures="0" tests="1" name="Tests.ProductsTest" time="12.907" errors="0" timestamp="2024-09-09T12:30:53 EEST" skipped="0">
  <testcase classname="Tests.ProductsTest" name="openCreateNewProductPage" time="12.907"/>
</testsuite> <!-- Tests.ProductsTest -->
