<?xml version="1.0" encoding="UTF-8"?>
<!-- Generated by org.testng.reporters.JUnitReportReporter -->
<testsuite hostname="DESKTOP-HH8RNJR" failures="0" tests="6" name="Tests.CreateNewReturnInvoiceTest" time="97.877" errors="0" timestamp="2024-11-13T12:58:59 EET" skipped="0">
  <testcase classname="Tests.CreateNewReturnInvoiceTest" name="createNewReturnSalesInvoice" time="15.678"/>
  <testcase classname="Tests.CreateNewReturnInvoiceTest" name="createNewSalesReturnInvoiceWithoutReferenceInvoice" time="18.001"/>
  <testcase classname="Tests.CreateNewReturnInvoiceTest" name="createNewCashbackSalesInvoice" time="16.242"/>
  <testcase classname="Tests.CreateNewReturnInvoiceTest" name="createNewReturnPurchaseInvoice" time="16.044"/>
  <testcase classname="Tests.CreateNewReturnInvoiceTest" name="createNewPurchaseReturnInvoiceWithoutReferenceInvoice" time="17.804"/>
  <testcase classname="Tests.CreateNewReturnInvoiceTest" name="createNewPurchaseCashbackInvoice" time="14.108"/>
</testsuite> <!-- Tests.CreateNewReturnInvoiceTest -->
