<?xml version="1.0" encoding="UTF-8"?>
<!-- Generated by org.testng.reporters.JUnitReportReporter -->
<testsuite hostname="DESKTOP-HH8RNJR" failures="0" tests="1" name="Tests.CreateNewClientTest" time="40.818" errors="0" timestamp="2024-09-07T18:46:39 EEST" skipped="0">
  <testcase classname="Tests.CreateNewClientTest" name="createNewClient" time="40.818"/>
</testsuite> <!-- Tests.CreateNewClientTest -->
