<?xml version="1.0" encoding="UTF-8"?>
<!-- Generated by org.testng.reporters.JUnitReportReporter -->
<testsuite hostname="DESKTOP-HH8RNJR" failures="0" tests="1" name="Tests.CreateNewCompanyTest" time="48.846" errors="0" timestamp="2024-09-08T17:06:28 EEST" skipped="0">
  <testcase classname="Tests.CreateNewCompanyTest" name="createNewCompany" time="48.846"/>
</testsuite> <!-- Tests.CreateNewCompanyTest -->
