<?xml version="1.0" encoding="UTF-8"?>
<!-- Generated by org.testng.reporters.JUnitReportReporter -->
<testsuite hostname="DESKTOP-HH8RNJR" failures="0" tests="1" name="Tests.CreateNewProductTest" time="8.300" errors="0" timestamp="2024-11-11T15:57:54 EET" skipped="0">
  <testcase classname="Tests.CreateNewProductTest" name="createNewProduct" time="8.300"/>
</testsuite> <!-- Tests.CreateNewProductTest -->
