<?xml version="1.0" encoding="UTF-8"?>
<!-- Generated by org.testng.reporters.JUnitReportReporter -->
<testsuite hostname="DESKTOP-HH8RNJR" failures="0" tests="1" name="Tests.CreateNewReturnInvoiceTest" time="19.262" errors="0" timestamp="2024-11-11T15:17:56 EET" skipped="0">
  <testcase classname="Tests.CreateNewReturnInvoiceTest" name="createNewPurchaseCashbackInvoice" time="19.262"/>
</testsuite> <!-- Tests.CreateNewReturnInvoiceTest -->
