<?xml version="1.0" encoding="UTF-8"?>
<!-- Generated by org.testng.reporters.JUnitReportReporter -->
<testsuite hostname="DESKTOP-HH8RNJR" failures="0" tests="1" name="Tests.CreateNewProductTest" time="5.247" errors="0" timestamp="2025-01-14T21:02:30 EET" skipped="0">
  <testcase classname="Tests.CreateNewProductTest" name="createNewProduct" time="5.247"/>
</testsuite> <!-- Tests.CreateNewProductTest -->
