<?xml version="1.0" encoding="UTF-8"?>
<!-- Generated by org.testng.reporters.JUnitReportReporter -->
<testsuite hostname="DESKTOP-HH8RNJR" failures="0" tests="1" name="Tests.LoginTest" time="4.012" errors="0" timestamp="2025-01-09T12:57:05 EET" skipped="0">
  <testcase classname="Tests.LoginTest" name="loginAndAssert" time="4.012"/>
</testsuite> <!-- Tests.LoginTest -->
