<?xml version="1.0" encoding="UTF-8"?>
<!-- Generated by org.testng.reporters.JUnitReportReporter -->
<testsuite hostname="DESKTOP-HH8RNJR" failures="0" tests="1" name="Tests.CreateNewReturnInvoiceTest" time="16.077" errors="0" timestamp="2025-01-09T16:02:16 EET" skipped="0">
  <testcase classname="Tests.CreateNewReturnInvoiceTest" name="createNewPurchaseCashbackInvoice" time="16.077"/>
</testsuite> <!-- Tests.CreateNewReturnInvoiceTest -->
