<?xml version="1.0" encoding="UTF-8"?>
<!-- Generated by org.testng.reporters.JUnitReportReporter -->
<testsuite hostname="DESKTOP-HH8RNJR" failures="0" tests="1" name="Tests.CreateNewReturnInvoiceTest" time="127.122" errors="0" timestamp="2024-09-16T13:53:58 EEST" skipped="0">
  <testcase classname="Tests.CreateNewReturnInvoiceTest" name="createNewPurchaseCashbackInvoice" time="127.122"/>
</testsuite> <!-- Tests.CreateNewReturnInvoiceTest -->
