<?xml version="1.0" encoding="UTF-8"?>
<!-- Generated by org.testng.reporters.JUnitReportReporter -->
<testsuite hostname="DESKTOP-HH8RNJR" failures="0" tests="1" name="Tests.CreateNewInvoiceTest" time="26.484" errors="0" timestamp="2024-11-11T15:05:15 EET" skipped="0">
  <testcase classname="Tests.CreateNewInvoiceTest" name="createNewPurchaseInvoice" time="26.484"/>
</testsuite> <!-- Tests.CreateNewInvoiceTest -->
