<?xml version="1.0" encoding="UTF-8"?>
<!-- Generated by org.testng.reporters.JUnitReportReporter -->
<testsuite hostname="DESKTOP-HH8RNJR" failures="0" tests="1" name="Tests.ImportInvoicesTest" time="6.501" errors="0" timestamp="2025-01-09T14:55:24 EET" skipped="0">
  <testcase classname="Tests.ImportInvoicesTest" name="ImportPurchaseInvoices" time="6.501"/>
</testsuite> <!-- Tests.ImportInvoicesTest -->
