<?xml version="1.0" encoding="UTF-8"?>
<!-- Generated by org.testng.reporters.JUnitReportReporter -->
<testsuite hostname="DESKTOP-HH8RNJR" failures="0" tests="2" name="Tests.ImportInvoicesTest" time="21.404" errors="0" timestamp="2024-11-11T15:57:54 EET" skipped="0">
  <testcase classname="Tests.ImportInvoicesTest" name="ImportSalesInvoices" time="9.429"/>
  <testcase classname="Tests.ImportInvoicesTest" name="ImportPurchaseInvoices" time="11.975"/>
</testsuite> <!-- Tests.ImportInvoicesTest -->
