<?xml version="1.0" encoding="UTF-8"?>
<!-- Generated by org.testng.reporters.JUnitReportReporter -->
<testsuite hostname="DESKTOP-HH8RNJR" failures="0" tests="1" name="Tests.CreateNewReturnInvoiceTest" time="13.630" errors="0" timestamp="2024-09-01T10:30:18 EEST" skipped="0">
  <testcase classname="Tests.CreateNewReturnInvoiceTest" name="createNewReturnInvoiceWithReferenceInvoice" time="13.630"/>
</testsuite> <!-- Tests.CreateNewReturnInvoiceTest -->
