<?xml version="1.0" encoding="UTF-8"?>
<!-- Generated by org.testng.reporters.JUnitReportReporter -->
<testsuite hostname="DESKTOP-HH8RNJR" failures="0" tests="1" name="Tests.CreateNewVATReportTest" time="17.957" errors="0" timestamp="2024-11-11T14:51:40 EET" skipped="0">
  <testcase classname="Tests.CreateNewVATReportTest" name="createNewVatReport" time="17.957"/>
</testsuite> <!-- Tests.CreateNewVATReportTest -->
