<?xml version="1.0" encoding="UTF-8"?>
<!-- Generated by org.testng.reporters.JUnitReportReporter -->
<testsuite hostname="DESKTOP-HH8RNJR" failures="0" tests="1" name="Tests.DashboardTest" time="3.286" errors="0" timestamp="2024-09-08T12:53:25 EEST" skipped="0">
  <testcase classname="Tests.DashboardTest" name="openCreateNewCompanyPage" time="3.286"/>
</testsuite> <!-- Tests.DashboardTest -->
