<?xml version="1.0" encoding="UTF-8"?>
<!-- Generated by org.testng.reporters.JUnitReportReporter -->
<testsuite hostname="DESKTOP-HH8RNJR" failures="0" tests="1" name="Tests.CreateNewCompanyTest" time="31.144" errors="0" timestamp="2024-11-11T15:57:54 EET" skipped="0">
  <testcase classname="Tests.CreateNewCompanyTest" name="createNewCompany" time="31.144"/>
</testsuite> <!-- Tests.CreateNewCompanyTest -->
