<?xml version="1.0" encoding="UTF-8"?>
<!-- Generated by org.testng.reporters.JUnitReportReporter -->
<testsuite hostname="DESKTOP-HH8RNJR" failures="0" tests="1" name="Tests.CreateNewVATReportTest" time="20.580" errors="0" timestamp="2024-08-31T15:26:44 EEST" skipped="0">
  <testcase classname="Tests.CreateNewVATReportTest" name="createNewVatReport" time="20.580"/>
</testsuite> <!-- Tests.CreateNewVATReportTest -->
