<?xml version="1.0" encoding="UTF-8"?>
<!-- Generated by org.testng.reporters.JUnitReportReporter -->
<testsuite hostname="DESKTOP-HH8RNJR" failures="0" tests="1" name="Tests.ClientsTest" time="10.565" errors="0" timestamp="2024-09-07T16:12:12 EEST" skipped="0">
  <testcase classname="Tests.ClientsTest" name="openCreateNewClientPage" time="10.565"/>
</testsuite> <!-- Tests.ClientsTest -->
